Determining if the Q_WS_WIN exist failed with the following output:
Change Dir: /home/brickbit/practicas_robotica/Robotica2016/practica4/CMakeFiles/CMakeTmp

Run Build Command:"/usr/bin/make" "cmTC_f4397/fast"
/usr/bin/make -f CMakeFiles/cmTC_f4397.dir/build.make CMakeFiles/cmTC_f4397.dir/build
make[1]: se entra en el directorio '/home/brickbit/practicas_robotica/Robotica2016/practica4/CMakeFiles/CMakeTmp'
Building CXX object CMakeFiles/cmTC_f4397.dir/CheckSymbolExists.cxx.o
/usr/bin/c++   -I/usr/include/qt4   -o CMakeFiles/cmTC_f4397.dir/CheckSymbolExists.cxx.o -c /home/brickbit/practicas_robotica/Robotica2016/practica4/CMakeFiles/CMakeTmp/CheckSymbolExists.cxx
/home/brickbit/practicas_robotica/Robotica2016/practica4/CMakeFiles/CMakeTmp/CheckSymbolExists.cxx: In function ‘int main(int, char**)’:
/home/brickbit/practicas_robotica/Robotica2016/practica4/CMakeFiles/CMakeTmp/CheckSymbolExists.cxx:8:19: error: ‘Q_WS_WIN’ was not declared in this scope
   return ((int*)(&Q_WS_WIN))[argc];
                   ^~~~~~~~
/home/brickbit/practicas_robotica/Robotica2016/practica4/CMakeFiles/CMakeTmp/CheckSymbolExists.cxx:8:19: note: suggested alternative: ‘Q_WS_X11’
   return ((int*)(&Q_WS_WIN))[argc];
                   ^~~~~~~~
                   Q_WS_X11
CMakeFiles/cmTC_f4397.dir/build.make:65: recipe for target 'CMakeFiles/cmTC_f4397.dir/CheckSymbolExists.cxx.o' failed
make[1]: *** [CMakeFiles/cmTC_f4397.dir/CheckSymbolExists.cxx.o] Error 1
make[1]: se sale del directorio '/home/brickbit/practicas_robotica/Robotica2016/practica4/CMakeFiles/CMakeTmp'
Makefile:126: recipe for target 'cmTC_f4397/fast' failed
make: *** [cmTC_f4397/fast] Error 2

File /home/brickbit/practicas_robotica/Robotica2016/practica4/CMakeFiles/CMakeTmp/CheckSymbolExists.cxx:
/* */
#include <QtCore/qglobal.h>

int main(int argc, char** argv)
{
  (void)argv;
#ifndef Q_WS_WIN
  return ((int*)(&Q_WS_WIN))[argc];
#else
  (void)argc;
  return 0;
#endif
}

Determining if the Q_WS_QWS exist failed with the following output:
Change Dir: /home/brickbit/practicas_robotica/Robotica2016/practica4/CMakeFiles/CMakeTmp

Run Build Command:"/usr/bin/make" "cmTC_e0152/fast"
/usr/bin/make -f CMakeFiles/cmTC_e0152.dir/build.make CMakeFiles/cmTC_e0152.dir/build
make[1]: se entra en el directorio '/home/brickbit/practicas_robotica/Robotica2016/practica4/CMakeFiles/CMakeTmp'
Building CXX object CMakeFiles/cmTC_e0152.dir/CheckSymbolExists.cxx.o
/usr/bin/c++   -I/usr/include/qt4   -o CMakeFiles/cmTC_e0152.dir/CheckSymbolExists.cxx.o -c /home/brickbit/practicas_robotica/Robotica2016/practica4/CMakeFiles/CMakeTmp/CheckSymbolExists.cxx
/home/brickbit/practicas_robotica/Robotica2016/practica4/CMakeFiles/CMakeTmp/CheckSymbolExists.cxx: In function ‘int main(int, char**)’:
/home/brickbit/practicas_robotica/Robotica2016/practica4/CMakeFiles/CMakeTmp/CheckSymbolExists.cxx:8:19: error: ‘Q_WS_QWS’ was not declared in this scope
   return ((int*)(&Q_WS_QWS))[argc];
                   ^~~~~~~~
/home/brickbit/practicas_robotica/Robotica2016/practica4/CMakeFiles/CMakeTmp/CheckSymbolExists.cxx:8:19: note: suggested alternative: ‘Q_WS_X11’
   return ((int*)(&Q_WS_QWS))[argc];
                   ^~~~~~~~
                   Q_WS_X11
CMakeFiles/cmTC_e0152.dir/build.make:65: recipe for target 'CMakeFiles/cmTC_e0152.dir/CheckSymbolExists.cxx.o' failed
make[1]: *** [CMakeFiles/cmTC_e0152.dir/CheckSymbolExists.cxx.o] Error 1
make[1]: se sale del directorio '/home/brickbit/practicas_robotica/Robotica2016/practica4/CMakeFiles/CMakeTmp'
Makefile:126: recipe for target 'cmTC_e0152/fast' failed
make: *** [cmTC_e0152/fast] Error 2

File /home/brickbit/practicas_robotica/Robotica2016/practica4/CMakeFiles/CMakeTmp/CheckSymbolExists.cxx:
/* */
#include <QtCore/qglobal.h>

int main(int argc, char** argv)
{
  (void)argv;
#ifndef Q_WS_QWS
  return ((int*)(&Q_WS_QWS))[argc];
#else
  (void)argc;
  return 0;
#endif
}

Determining if the Q_WS_MAC exist failed with the following output:
Change Dir: /home/brickbit/practicas_robotica/Robotica2016/practica4/CMakeFiles/CMakeTmp

Run Build Command:"/usr/bin/make" "cmTC_3abf7/fast"
/usr/bin/make -f CMakeFiles/cmTC_3abf7.dir/build.make CMakeFiles/cmTC_3abf7.dir/build
make[1]: se entra en el directorio '/home/brickbit/practicas_robotica/Robotica2016/practica4/CMakeFiles/CMakeTmp'
Building CXX object CMakeFiles/cmTC_3abf7.dir/CheckSymbolExists.cxx.o
/usr/bin/c++   -I/usr/include/qt4   -o CMakeFiles/cmTC_3abf7.dir/CheckSymbolExists.cxx.o -c /home/brickbit/practicas_robotica/Robotica2016/practica4/CMakeFiles/CMakeTmp/CheckSymbolExists.cxx
/home/brickbit/practicas_robotica/Robotica2016/practica4/CMakeFiles/CMakeTmp/CheckSymbolExists.cxx: In function ‘int main(int, char**)’:
/home/brickbit/practicas_robotica/Robotica2016/practica4/CMakeFiles/CMakeTmp/CheckSymbolExists.cxx:8:19: error: ‘Q_WS_MAC’ was not declared in this scope
   return ((int*)(&Q_WS_MAC))[argc];
                   ^~~~~~~~
/home/brickbit/practicas_robotica/Robotica2016/practica4/CMakeFiles/CMakeTmp/CheckSymbolExists.cxx:8:19: note: suggested alternative: ‘Q_WS_X11’
   return ((int*)(&Q_WS_MAC))[argc];
                   ^~~~~~~~
                   Q_WS_X11
CMakeFiles/cmTC_3abf7.dir/build.make:65: recipe for target 'CMakeFiles/cmTC_3abf7.dir/CheckSymbolExists.cxx.o' failed
make[1]: *** [CMakeFiles/cmTC_3abf7.dir/CheckSymbolExists.cxx.o] Error 1
make[1]: se sale del directorio '/home/brickbit/practicas_robotica/Robotica2016/practica4/CMakeFiles/CMakeTmp'
Makefile:126: recipe for target 'cmTC_3abf7/fast' failed
make: *** [cmTC_3abf7/fast] Error 2

File /home/brickbit/practicas_robotica/Robotica2016/practica4/CMakeFiles/CMakeTmp/CheckSymbolExists.cxx:
/* */
#include <QtCore/qglobal.h>

int main(int argc, char** argv)
{
  (void)argv;
#ifndef Q_WS_MAC
  return ((int*)(&Q_WS_MAC))[argc];
#else
  (void)argc;
  return 0;
#endif
}

Determining if the pthread_create exist failed with the following output:
Change Dir: /home/brickbit/practicas_robotica/Robotica2016/practica4/CMakeFiles/CMakeTmp

Run Build Command:"/usr/bin/make" "cmTC_f5f91/fast"
/usr/bin/make -f CMakeFiles/cmTC_f5f91.dir/build.make CMakeFiles/cmTC_f5f91.dir/build
make[1]: se entra en el directorio '/home/brickbit/practicas_robotica/Robotica2016/practica4/CMakeFiles/CMakeTmp'
Building C object CMakeFiles/cmTC_f5f91.dir/CheckSymbolExists.c.o
/usr/bin/cc    -o CMakeFiles/cmTC_f5f91.dir/CheckSymbolExists.c.o   -c /home/brickbit/practicas_robotica/Robotica2016/practica4/CMakeFiles/CMakeTmp/CheckSymbolExists.c
Linking C executable cmTC_f5f91
/usr/bin/cmake -E cmake_link_script CMakeFiles/cmTC_f5f91.dir/link.txt --verbose=1
/usr/bin/cc      -rdynamic CMakeFiles/cmTC_f5f91.dir/CheckSymbolExists.c.o  -o cmTC_f5f91 
CMakeFiles/cmTC_f5f91.dir/CheckSymbolExists.c.o: En la función `main':
CheckSymbolExists.c:(.text+0x1b): referencia a `pthread_create' sin definir
collect2: error: ld returned 1 exit status
CMakeFiles/cmTC_f5f91.dir/build.make:97: recipe for target 'cmTC_f5f91' failed
make[1]: *** [cmTC_f5f91] Error 1
make[1]: se sale del directorio '/home/brickbit/practicas_robotica/Robotica2016/practica4/CMakeFiles/CMakeTmp'
Makefile:126: recipe for target 'cmTC_f5f91/fast' failed
make: *** [cmTC_f5f91/fast] Error 2

File /home/brickbit/practicas_robotica/Robotica2016/practica4/CMakeFiles/CMakeTmp/CheckSymbolExists.c:
/* */
#include <pthread.h>

int main(int argc, char** argv)
{
  (void)argv;
#ifndef pthread_create
  return ((int*)(&pthread_create))[argc];
#else
  (void)argc;
  return 0;
#endif
}

Determining if the function pthread_create exists in the pthreads failed with the following output:
Change Dir: /home/brickbit/practicas_robotica/Robotica2016/practica4/CMakeFiles/CMakeTmp

Run Build Command:"/usr/bin/make" "cmTC_c7e2a/fast"
/usr/bin/make -f CMakeFiles/cmTC_c7e2a.dir/build.make CMakeFiles/cmTC_c7e2a.dir/build
make[1]: se entra en el directorio '/home/brickbit/practicas_robotica/Robotica2016/practica4/CMakeFiles/CMakeTmp'
Building C object CMakeFiles/cmTC_c7e2a.dir/CheckFunctionExists.c.o
/usr/bin/cc   -DCHECK_FUNCTION_EXISTS=pthread_create   -o CMakeFiles/cmTC_c7e2a.dir/CheckFunctionExists.c.o   -c /usr/share/cmake-3.10/Modules/CheckFunctionExists.c
Linking C executable cmTC_c7e2a
/usr/bin/cmake -E cmake_link_script CMakeFiles/cmTC_c7e2a.dir/link.txt --verbose=1
/usr/bin/cc  -DCHECK_FUNCTION_EXISTS=pthread_create    -rdynamic CMakeFiles/cmTC_c7e2a.dir/CheckFunctionExists.c.o  -o cmTC_c7e2a -lpthreads 
/usr/bin/ld: no se puede encontrar -lpthreads
collect2: error: ld returned 1 exit status
CMakeFiles/cmTC_c7e2a.dir/build.make:97: recipe for target 'cmTC_c7e2a' failed
make[1]: *** [cmTC_c7e2a] Error 1
make[1]: se sale del directorio '/home/brickbit/practicas_robotica/Robotica2016/practica4/CMakeFiles/CMakeTmp'
Makefile:126: recipe for target 'cmTC_c7e2a/fast' failed
make: *** [cmTC_c7e2a/fast] Error 2


