Determining if the Q_WS_WIN exist failed with the following output:
Change Dir: /home/brickbit/practicas_robotica/Robotica2018/supervisor/CMakeFiles/CMakeTmp

Run Build Command:"/usr/bin/make" "cmTC_68b1f/fast"
/usr/bin/make -f CMakeFiles/cmTC_68b1f.dir/build.make CMakeFiles/cmTC_68b1f.dir/build
make[1]: se entra en el directorio '/home/brickbit/practicas_robotica/Robotica2018/supervisor/CMakeFiles/CMakeTmp'
Building CXX object CMakeFiles/cmTC_68b1f.dir/CheckSymbolExists.cxx.o
/usr/bin/c++   -I/usr/include/qt4   -o CMakeFiles/cmTC_68b1f.dir/CheckSymbolExists.cxx.o -c /home/brickbit/practicas_robotica/Robotica2018/supervisor/CMakeFiles/CMakeTmp/CheckSymbolExists.cxx
/home/brickbit/practicas_robotica/Robotica2018/supervisor/CMakeFiles/CMakeTmp/CheckSymbolExists.cxx: In function ‘int main(int, char**)’:
/home/brickbit/practicas_robotica/Robotica2018/supervisor/CMakeFiles/CMakeTmp/CheckSymbolExists.cxx:8:19: error: ‘Q_WS_WIN’ was not declared in this scope
   return ((int*)(&Q_WS_WIN))[argc];
                   ^~~~~~~~
/home/brickbit/practicas_robotica/Robotica2018/supervisor/CMakeFiles/CMakeTmp/CheckSymbolExists.cxx:8:19: note: suggested alternative: ‘Q_WS_X11’
   return ((int*)(&Q_WS_WIN))[argc];
                   ^~~~~~~~
                   Q_WS_X11
CMakeFiles/cmTC_68b1f.dir/build.make:65: recipe for target 'CMakeFiles/cmTC_68b1f.dir/CheckSymbolExists.cxx.o' failed
make[1]: *** [CMakeFiles/cmTC_68b1f.dir/CheckSymbolExists.cxx.o] Error 1
make[1]: se sale del directorio '/home/brickbit/practicas_robotica/Robotica2018/supervisor/CMakeFiles/CMakeTmp'
Makefile:126: recipe for target 'cmTC_68b1f/fast' failed
make: *** [cmTC_68b1f/fast] Error 2

File /home/brickbit/practicas_robotica/Robotica2018/supervisor/CMakeFiles/CMakeTmp/CheckSymbolExists.cxx:
/* */
#include <QtCore/qglobal.h>

int main(int argc, char** argv)
{
  (void)argv;
#ifndef Q_WS_WIN
  return ((int*)(&Q_WS_WIN))[argc];
#else
  (void)argc;
  return 0;
#endif
}

Determining if the Q_WS_QWS exist failed with the following output:
Change Dir: /home/brickbit/practicas_robotica/Robotica2018/supervisor/CMakeFiles/CMakeTmp

Run Build Command:"/usr/bin/make" "cmTC_7df2c/fast"
/usr/bin/make -f CMakeFiles/cmTC_7df2c.dir/build.make CMakeFiles/cmTC_7df2c.dir/build
make[1]: se entra en el directorio '/home/brickbit/practicas_robotica/Robotica2018/supervisor/CMakeFiles/CMakeTmp'
Building CXX object CMakeFiles/cmTC_7df2c.dir/CheckSymbolExists.cxx.o
/usr/bin/c++   -I/usr/include/qt4   -o CMakeFiles/cmTC_7df2c.dir/CheckSymbolExists.cxx.o -c /home/brickbit/practicas_robotica/Robotica2018/supervisor/CMakeFiles/CMakeTmp/CheckSymbolExists.cxx
/home/brickbit/practicas_robotica/Robotica2018/supervisor/CMakeFiles/CMakeTmp/CheckSymbolExists.cxx: In function ‘int main(int, char**)’:
/home/brickbit/practicas_robotica/Robotica2018/supervisor/CMakeFiles/CMakeTmp/CheckSymbolExists.cxx:8:19: error: ‘Q_WS_QWS’ was not declared in this scope
   return ((int*)(&Q_WS_QWS))[argc];
                   ^~~~~~~~
/home/brickbit/practicas_robotica/Robotica2018/supervisor/CMakeFiles/CMakeTmp/CheckSymbolExists.cxx:8:19: note: suggested alternative: ‘Q_WS_X11’
   return ((int*)(&Q_WS_QWS))[argc];
                   ^~~~~~~~
                   Q_WS_X11
CMakeFiles/cmTC_7df2c.dir/build.make:65: recipe for target 'CMakeFiles/cmTC_7df2c.dir/CheckSymbolExists.cxx.o' failed
make[1]: *** [CMakeFiles/cmTC_7df2c.dir/CheckSymbolExists.cxx.o] Error 1
make[1]: se sale del directorio '/home/brickbit/practicas_robotica/Robotica2018/supervisor/CMakeFiles/CMakeTmp'
Makefile:126: recipe for target 'cmTC_7df2c/fast' failed
make: *** [cmTC_7df2c/fast] Error 2

File /home/brickbit/practicas_robotica/Robotica2018/supervisor/CMakeFiles/CMakeTmp/CheckSymbolExists.cxx:
/* */
#include <QtCore/qglobal.h>

int main(int argc, char** argv)
{
  (void)argv;
#ifndef Q_WS_QWS
  return ((int*)(&Q_WS_QWS))[argc];
#else
  (void)argc;
  return 0;
#endif
}

Determining if the Q_WS_MAC exist failed with the following output:
Change Dir: /home/brickbit/practicas_robotica/Robotica2018/supervisor/CMakeFiles/CMakeTmp

Run Build Command:"/usr/bin/make" "cmTC_c4aeb/fast"
/usr/bin/make -f CMakeFiles/cmTC_c4aeb.dir/build.make CMakeFiles/cmTC_c4aeb.dir/build
make[1]: se entra en el directorio '/home/brickbit/practicas_robotica/Robotica2018/supervisor/CMakeFiles/CMakeTmp'
Building CXX object CMakeFiles/cmTC_c4aeb.dir/CheckSymbolExists.cxx.o
/usr/bin/c++   -I/usr/include/qt4   -o CMakeFiles/cmTC_c4aeb.dir/CheckSymbolExists.cxx.o -c /home/brickbit/practicas_robotica/Robotica2018/supervisor/CMakeFiles/CMakeTmp/CheckSymbolExists.cxx
/home/brickbit/practicas_robotica/Robotica2018/supervisor/CMakeFiles/CMakeTmp/CheckSymbolExists.cxx: In function ‘int main(int, char**)’:
/home/brickbit/practicas_robotica/Robotica2018/supervisor/CMakeFiles/CMakeTmp/CheckSymbolExists.cxx:8:19: error: ‘Q_WS_MAC’ was not declared in this scope
   return ((int*)(&Q_WS_MAC))[argc];
                   ^~~~~~~~
/home/brickbit/practicas_robotica/Robotica2018/supervisor/CMakeFiles/CMakeTmp/CheckSymbolExists.cxx:8:19: note: suggested alternative: ‘Q_WS_X11’
   return ((int*)(&Q_WS_MAC))[argc];
                   ^~~~~~~~
                   Q_WS_X11
CMakeFiles/cmTC_c4aeb.dir/build.make:65: recipe for target 'CMakeFiles/cmTC_c4aeb.dir/CheckSymbolExists.cxx.o' failed
make[1]: *** [CMakeFiles/cmTC_c4aeb.dir/CheckSymbolExists.cxx.o] Error 1
make[1]: se sale del directorio '/home/brickbit/practicas_robotica/Robotica2018/supervisor/CMakeFiles/CMakeTmp'
Makefile:126: recipe for target 'cmTC_c4aeb/fast' failed
make: *** [cmTC_c4aeb/fast] Error 2

File /home/brickbit/practicas_robotica/Robotica2018/supervisor/CMakeFiles/CMakeTmp/CheckSymbolExists.cxx:
/* */
#include <QtCore/qglobal.h>

int main(int argc, char** argv)
{
  (void)argv;
#ifndef Q_WS_MAC
  return ((int*)(&Q_WS_MAC))[argc];
#else
  (void)argc;
  return 0;
#endif
}

Determining if the pthread_create exist failed with the following output:
Change Dir: /home/brickbit/practicas_robotica/Robotica2018/supervisor/CMakeFiles/CMakeTmp

Run Build Command:"/usr/bin/make" "cmTC_582bb/fast"
/usr/bin/make -f CMakeFiles/cmTC_582bb.dir/build.make CMakeFiles/cmTC_582bb.dir/build
make[1]: se entra en el directorio '/home/brickbit/practicas_robotica/Robotica2018/supervisor/CMakeFiles/CMakeTmp'
Building C object CMakeFiles/cmTC_582bb.dir/CheckSymbolExists.c.o
/usr/bin/cc    -o CMakeFiles/cmTC_582bb.dir/CheckSymbolExists.c.o   -c /home/brickbit/practicas_robotica/Robotica2018/supervisor/CMakeFiles/CMakeTmp/CheckSymbolExists.c
Linking C executable cmTC_582bb
/usr/bin/cmake -E cmake_link_script CMakeFiles/cmTC_582bb.dir/link.txt --verbose=1
/usr/bin/cc      -rdynamic CMakeFiles/cmTC_582bb.dir/CheckSymbolExists.c.o  -o cmTC_582bb 
CMakeFiles/cmTC_582bb.dir/CheckSymbolExists.c.o: En la función `main':
CheckSymbolExists.c:(.text+0x1b): referencia a `pthread_create' sin definir
collect2: error: ld returned 1 exit status
CMakeFiles/cmTC_582bb.dir/build.make:97: recipe for target 'cmTC_582bb' failed
make[1]: *** [cmTC_582bb] Error 1
make[1]: se sale del directorio '/home/brickbit/practicas_robotica/Robotica2018/supervisor/CMakeFiles/CMakeTmp'
Makefile:126: recipe for target 'cmTC_582bb/fast' failed
make: *** [cmTC_582bb/fast] Error 2

File /home/brickbit/practicas_robotica/Robotica2018/supervisor/CMakeFiles/CMakeTmp/CheckSymbolExists.c:
/* */
#include <pthread.h>

int main(int argc, char** argv)
{
  (void)argv;
#ifndef pthread_create
  return ((int*)(&pthread_create))[argc];
#else
  (void)argc;
  return 0;
#endif
}

Determining if the function pthread_create exists in the pthreads failed with the following output:
Change Dir: /home/brickbit/practicas_robotica/Robotica2018/supervisor/CMakeFiles/CMakeTmp

Run Build Command:"/usr/bin/make" "cmTC_2247e/fast"
/usr/bin/make -f CMakeFiles/cmTC_2247e.dir/build.make CMakeFiles/cmTC_2247e.dir/build
make[1]: se entra en el directorio '/home/brickbit/practicas_robotica/Robotica2018/supervisor/CMakeFiles/CMakeTmp'
Building C object CMakeFiles/cmTC_2247e.dir/CheckFunctionExists.c.o
/usr/bin/cc   -DCHECK_FUNCTION_EXISTS=pthread_create   -o CMakeFiles/cmTC_2247e.dir/CheckFunctionExists.c.o   -c /usr/share/cmake-3.10/Modules/CheckFunctionExists.c
Linking C executable cmTC_2247e
/usr/bin/cmake -E cmake_link_script CMakeFiles/cmTC_2247e.dir/link.txt --verbose=1
/usr/bin/cc  -DCHECK_FUNCTION_EXISTS=pthread_create    -rdynamic CMakeFiles/cmTC_2247e.dir/CheckFunctionExists.c.o  -o cmTC_2247e -lpthreads 
/usr/bin/ld: no se puede encontrar -lpthreads
collect2: error: ld returned 1 exit status
CMakeFiles/cmTC_2247e.dir/build.make:97: recipe for target 'cmTC_2247e' failed
make[1]: *** [cmTC_2247e] Error 1
make[1]: se sale del directorio '/home/brickbit/practicas_robotica/Robotica2018/supervisor/CMakeFiles/CMakeTmp'
Makefile:126: recipe for target 'cmTC_2247e/fast' failed
make: *** [cmTC_2247e/fast] Error 2


