Determining if the Q_WS_WIN exist failed with the following output:
Change Dir: /home/brickbit/practicas_robotica/Robotica2016/practica4/CMakeFiles/CMakeTmp

Run Build Command:"/usr/bin/make" "cmTC_c80c2/fast"
/usr/bin/make -f CMakeFiles/cmTC_c80c2.dir/build.make CMakeFiles/cmTC_c80c2.dir/build
make[1]: se entra en el directorio '/home/brickbit/practicas_robotica/Robotica2016/practica4/CMakeFiles/CMakeTmp'
Building CXX object CMakeFiles/cmTC_c80c2.dir/CheckSymbolExists.cxx.o
/usr/bin/c++   -I/usr/include/qt4   -o CMakeFiles/cmTC_c80c2.dir/CheckSymbolExists.cxx.o -c /home/brickbit/practicas_robotica/Robotica2016/practica4/CMakeFiles/CMakeTmp/CheckSymbolExists.cxx
/home/brickbit/practicas_robotica/Robotica2016/practica4/CMakeFiles/CMakeTmp/CheckSymbolExists.cxx: In function ‘int main(int, char**)’:
/home/brickbit/practicas_robotica/Robotica2016/practica4/CMakeFiles/CMakeTmp/CheckSymbolExists.cxx:8:19: error: ‘Q_WS_WIN’ was not declared in this scope
   return ((int*)(&Q_WS_WIN))[argc];
                   ^~~~~~~~
/home/brickbit/practicas_robotica/Robotica2016/practica4/CMakeFiles/CMakeTmp/CheckSymbolExists.cxx:8:19: note: suggested alternative: ‘Q_WS_X11’
   return ((int*)(&Q_WS_WIN))[argc];
                   ^~~~~~~~
                   Q_WS_X11
CMakeFiles/cmTC_c80c2.dir/build.make:65: recipe for target 'CMakeFiles/cmTC_c80c2.dir/CheckSymbolExists.cxx.o' failed
make[1]: *** [CMakeFiles/cmTC_c80c2.dir/CheckSymbolExists.cxx.o] Error 1
make[1]: se sale del directorio '/home/brickbit/practicas_robotica/Robotica2016/practica4/CMakeFiles/CMakeTmp'
Makefile:126: recipe for target 'cmTC_c80c2/fast' failed
make: *** [cmTC_c80c2/fast] Error 2

File /home/brickbit/practicas_robotica/Robotica2016/practica4/CMakeFiles/CMakeTmp/CheckSymbolExists.cxx:
/* */
#include <QtCore/qglobal.h>

int main(int argc, char** argv)
{
  (void)argv;
#ifndef Q_WS_WIN
  return ((int*)(&Q_WS_WIN))[argc];
#else
  (void)argc;
  return 0;
#endif
}

Determining if the Q_WS_QWS exist failed with the following output:
Change Dir: /home/brickbit/practicas_robotica/Robotica2016/practica4/CMakeFiles/CMakeTmp

Run Build Command:"/usr/bin/make" "cmTC_33a4a/fast"
/usr/bin/make -f CMakeFiles/cmTC_33a4a.dir/build.make CMakeFiles/cmTC_33a4a.dir/build
make[1]: se entra en el directorio '/home/brickbit/practicas_robotica/Robotica2016/practica4/CMakeFiles/CMakeTmp'
Building CXX object CMakeFiles/cmTC_33a4a.dir/CheckSymbolExists.cxx.o
/usr/bin/c++   -I/usr/include/qt4   -o CMakeFiles/cmTC_33a4a.dir/CheckSymbolExists.cxx.o -c /home/brickbit/practicas_robotica/Robotica2016/practica4/CMakeFiles/CMakeTmp/CheckSymbolExists.cxx
/home/brickbit/practicas_robotica/Robotica2016/practica4/CMakeFiles/CMakeTmp/CheckSymbolExists.cxx: In function ‘int main(int, char**)’:
/home/brickbit/practicas_robotica/Robotica2016/practica4/CMakeFiles/CMakeTmp/CheckSymbolExists.cxx:8:19: error: ‘Q_WS_QWS’ was not declared in this scope
   return ((int*)(&Q_WS_QWS))[argc];
                   ^~~~~~~~
/home/brickbit/practicas_robotica/Robotica2016/practica4/CMakeFiles/CMakeTmp/CheckSymbolExists.cxx:8:19: note: suggested alternative: ‘Q_WS_X11’
   return ((int*)(&Q_WS_QWS))[argc];
                   ^~~~~~~~
                   Q_WS_X11
CMakeFiles/cmTC_33a4a.dir/build.make:65: recipe for target 'CMakeFiles/cmTC_33a4a.dir/CheckSymbolExists.cxx.o' failed
make[1]: *** [CMakeFiles/cmTC_33a4a.dir/CheckSymbolExists.cxx.o] Error 1
make[1]: se sale del directorio '/home/brickbit/practicas_robotica/Robotica2016/practica4/CMakeFiles/CMakeTmp'
Makefile:126: recipe for target 'cmTC_33a4a/fast' failed
make: *** [cmTC_33a4a/fast] Error 2

File /home/brickbit/practicas_robotica/Robotica2016/practica4/CMakeFiles/CMakeTmp/CheckSymbolExists.cxx:
/* */
#include <QtCore/qglobal.h>

int main(int argc, char** argv)
{
  (void)argv;
#ifndef Q_WS_QWS
  return ((int*)(&Q_WS_QWS))[argc];
#else
  (void)argc;
  return 0;
#endif
}

Determining if the Q_WS_MAC exist failed with the following output:
Change Dir: /home/brickbit/practicas_robotica/Robotica2016/practica4/CMakeFiles/CMakeTmp

Run Build Command:"/usr/bin/make" "cmTC_b13a4/fast"
/usr/bin/make -f CMakeFiles/cmTC_b13a4.dir/build.make CMakeFiles/cmTC_b13a4.dir/build
make[1]: se entra en el directorio '/home/brickbit/practicas_robotica/Robotica2016/practica4/CMakeFiles/CMakeTmp'
Building CXX object CMakeFiles/cmTC_b13a4.dir/CheckSymbolExists.cxx.o
/usr/bin/c++   -I/usr/include/qt4   -o CMakeFiles/cmTC_b13a4.dir/CheckSymbolExists.cxx.o -c /home/brickbit/practicas_robotica/Robotica2016/practica4/CMakeFiles/CMakeTmp/CheckSymbolExists.cxx
/home/brickbit/practicas_robotica/Robotica2016/practica4/CMakeFiles/CMakeTmp/CheckSymbolExists.cxx: In function ‘int main(int, char**)’:
/home/brickbit/practicas_robotica/Robotica2016/practica4/CMakeFiles/CMakeTmp/CheckSymbolExists.cxx:8:19: error: ‘Q_WS_MAC’ was not declared in this scope
   return ((int*)(&Q_WS_MAC))[argc];
                   ^~~~~~~~
/home/brickbit/practicas_robotica/Robotica2016/practica4/CMakeFiles/CMakeTmp/CheckSymbolExists.cxx:8:19: note: suggested alternative: ‘Q_WS_X11’
   return ((int*)(&Q_WS_MAC))[argc];
                   ^~~~~~~~
                   Q_WS_X11
CMakeFiles/cmTC_b13a4.dir/build.make:65: recipe for target 'CMakeFiles/cmTC_b13a4.dir/CheckSymbolExists.cxx.o' failed
make[1]: *** [CMakeFiles/cmTC_b13a4.dir/CheckSymbolExists.cxx.o] Error 1
make[1]: se sale del directorio '/home/brickbit/practicas_robotica/Robotica2016/practica4/CMakeFiles/CMakeTmp'
Makefile:126: recipe for target 'cmTC_b13a4/fast' failed
make: *** [cmTC_b13a4/fast] Error 2

File /home/brickbit/practicas_robotica/Robotica2016/practica4/CMakeFiles/CMakeTmp/CheckSymbolExists.cxx:
/* */
#include <QtCore/qglobal.h>

int main(int argc, char** argv)
{
  (void)argv;
#ifndef Q_WS_MAC
  return ((int*)(&Q_WS_MAC))[argc];
#else
  (void)argc;
  return 0;
#endif
}

Determining if the pthread_create exist failed with the following output:
Change Dir: /home/brickbit/practicas_robotica/Robotica2016/practica4/CMakeFiles/CMakeTmp

Run Build Command:"/usr/bin/make" "cmTC_fddb3/fast"
/usr/bin/make -f CMakeFiles/cmTC_fddb3.dir/build.make CMakeFiles/cmTC_fddb3.dir/build
make[1]: se entra en el directorio '/home/brickbit/practicas_robotica/Robotica2016/practica4/CMakeFiles/CMakeTmp'
Building C object CMakeFiles/cmTC_fddb3.dir/CheckSymbolExists.c.o
/usr/bin/cc    -o CMakeFiles/cmTC_fddb3.dir/CheckSymbolExists.c.o   -c /home/brickbit/practicas_robotica/Robotica2016/practica4/CMakeFiles/CMakeTmp/CheckSymbolExists.c
Linking C executable cmTC_fddb3
/usr/bin/cmake -E cmake_link_script CMakeFiles/cmTC_fddb3.dir/link.txt --verbose=1
/usr/bin/cc      -rdynamic CMakeFiles/cmTC_fddb3.dir/CheckSymbolExists.c.o  -o cmTC_fddb3 
CMakeFiles/cmTC_fddb3.dir/CheckSymbolExists.c.o: En la función `main':
CheckSymbolExists.c:(.text+0x1b): referencia a `pthread_create' sin definir
collect2: error: ld returned 1 exit status
CMakeFiles/cmTC_fddb3.dir/build.make:97: recipe for target 'cmTC_fddb3' failed
make[1]: *** [cmTC_fddb3] Error 1
make[1]: se sale del directorio '/home/brickbit/practicas_robotica/Robotica2016/practica4/CMakeFiles/CMakeTmp'
Makefile:126: recipe for target 'cmTC_fddb3/fast' failed
make: *** [cmTC_fddb3/fast] Error 2

File /home/brickbit/practicas_robotica/Robotica2016/practica4/CMakeFiles/CMakeTmp/CheckSymbolExists.c:
/* */
#include <pthread.h>

int main(int argc, char** argv)
{
  (void)argv;
#ifndef pthread_create
  return ((int*)(&pthread_create))[argc];
#else
  (void)argc;
  return 0;
#endif
}

Determining if the function pthread_create exists in the pthreads failed with the following output:
Change Dir: /home/brickbit/practicas_robotica/Robotica2016/practica4/CMakeFiles/CMakeTmp

Run Build Command:"/usr/bin/make" "cmTC_20f30/fast"
/usr/bin/make -f CMakeFiles/cmTC_20f30.dir/build.make CMakeFiles/cmTC_20f30.dir/build
make[1]: se entra en el directorio '/home/brickbit/practicas_robotica/Robotica2016/practica4/CMakeFiles/CMakeTmp'
Building C object CMakeFiles/cmTC_20f30.dir/CheckFunctionExists.c.o
/usr/bin/cc   -DCHECK_FUNCTION_EXISTS=pthread_create   -o CMakeFiles/cmTC_20f30.dir/CheckFunctionExists.c.o   -c /usr/share/cmake-3.10/Modules/CheckFunctionExists.c
Linking C executable cmTC_20f30
/usr/bin/cmake -E cmake_link_script CMakeFiles/cmTC_20f30.dir/link.txt --verbose=1
/usr/bin/cc  -DCHECK_FUNCTION_EXISTS=pthread_create    -rdynamic CMakeFiles/cmTC_20f30.dir/CheckFunctionExists.c.o  -o cmTC_20f30 -lpthreads 
/usr/bin/ld: no se puede encontrar -lpthreads
collect2: error: ld returned 1 exit status
CMakeFiles/cmTC_20f30.dir/build.make:97: recipe for target 'cmTC_20f30' failed
make[1]: *** [cmTC_20f30] Error 1
make[1]: se sale del directorio '/home/brickbit/practicas_robotica/Robotica2016/practica4/CMakeFiles/CMakeTmp'
Makefile:126: recipe for target 'cmTC_20f30/fast' failed
make: *** [cmTC_20f30/fast] Error 2


